android/app/build/intermediates/manifest_merge_blame_file/release/processReleaseMainManifest/manifest-merger-blame-release-report.txt
1<?xml version="1.0" encoding="utf-8"?>
2<manifest xmlns:android="http://schemas.android.com/apk/res/android"
3    package="com.surajspx.pwddelhiapp"
4    android:versionCode="1"
5    android:versionName="1.0.0" >
6
7    <uses-sdk
8        android:minSdkVersion="24"
9        android:targetSdkVersion="36" />
10
11    <uses-permission android:name="android.permission.ACCESS_COARSE_LOCATION" />
11-->src/main/AndroidManifest.xml:2:3-78
11-->src/main/AndroidManifest.xml:2:20-76
12    <uses-permission android:name="android.permission.ACCESS_FINE_LOCATION" />
12-->src/main/AndroidManifest.xml:3:3-76
12-->src/main/AndroidManifest.xml:3:20-74
13    <uses-permission android:name="android.permission.CAMERA" />
13-->src/main/AndroidManifest.xml:4:3-62
13-->src/main/AndroidManifest.xml:4:20-60
14    <uses-permission android:name="android.permission.INTERNET" />
14-->src/main/AndroidManifest.xml:5:3-64
14-->src/main/AndroidManifest.xml:5:20-62
15    <uses-permission android:name="android.permission.MODIFY_AUDIO_SETTINGS" />
15-->src/main/AndroidManifest.xml:6:3-77
15-->src/main/AndroidManifest.xml:6:20-75
16    <uses-permission android:name="android.permission.POST_NOTIFICATIONS" />
16-->src/main/AndroidManifest.xml:7:3-74
16-->src/main/AndroidManifest.xml:7:20-72
17    <uses-permission
17-->src/main/AndroidManifest.xml:8:3-77
18        android:name="android.permission.READ_EXTERNAL_STORAGE"
18-->src/main/AndroidManifest.xml:8:20-75
19        android:maxSdkVersion="32" />
19-->[BareExpo:expo.modules.image:3.0.10] AndroidManifest.xml:17:9-35
20    <uses-permission android:name="android.permission.RECEIVE_BOOT_COMPLETED" />
20-->src/main/AndroidManifest.xml:9:3-78
20-->src/main/AndroidManifest.xml:9:20-76
21    <uses-permission android:name="android.permission.RECORD_AUDIO" />
21-->src/main/AndroidManifest.xml:10:3-68
21-->src/main/AndroidManifest.xml:10:20-66
22    <uses-permission android:name="android.permission.SYSTEM_ALERT_WINDOW" />
22-->src/main/AndroidManifest.xml:11:3-75
22-->src/main/AndroidManifest.xml:11:20-73
23    <uses-permission android:name="android.permission.VIBRATE" />
23-->src/main/AndroidManifest.xml:12:3-63
23-->src/main/AndroidManifest.xml:12:20-61
24    <uses-permission android:name="android.permission.WRITE_EXTERNAL_STORAGE" />
24-->src/main/AndroidManifest.xml:13:3-78
24-->src/main/AndroidManifest.xml:13:20-76
25
26    <queries>
26-->src/main/AndroidManifest.xml:14:3-20:13
27        <intent>
27-->src/main/AndroidManifest.xml:15:5-19:14
28            <action android:name="android.intent.action.VIEW" />
28-->src/main/AndroidManifest.xml:16:7-58
28-->src/main/AndroidManifest.xml:16:15-56
29
30            <category android:name="android.intent.category.BROWSABLE" />
30-->src/main/AndroidManifest.xml:17:7-67
30-->src/main/AndroidManifest.xml:17:17-65
31
32            <data android:scheme="https" />
32-->src/main/AndroidManifest.xml:18:7-37
32-->src/main/AndroidManifest.xml:18:13-35
33        </intent>
34        <intent>
34-->[:react-native-webview] AndroidManifest.xml:8:9-10:18
35            <action android:name="org.chromium.intent.action.PAY" />
35-->[:react-native-webview] AndroidManifest.xml:9:13-69
35-->[:react-native-webview] AndroidManifest.xml:9:21-66
36        </intent>
37        <intent>
37-->[:react-native-webview] AndroidManifest.xml:11:9-13:18
38            <action android:name="org.chromium.intent.action.IS_READY_TO_PAY" />
38-->[:react-native-webview] AndroidManifest.xml:12:13-81
38-->[:react-native-webview] AndroidManifest.xml:12:21-78
39        </intent>
40        <intent>
40-->[:react-native-webview] AndroidManifest.xml:14:9-16:18
41            <action android:name="org.chromium.intent.action.UPDATE_PAYMENT_DETAILS" />
41-->[:react-native-webview] AndroidManifest.xml:15:13-88
41-->[:react-native-webview] AndroidManifest.xml:15:21-85
42        </intent>
43        <intent>
43-->[host.exp.exponent:expo.modules.webbrowser:15.0.8] AndroidManifest.xml:8:9-12:18
44
45            <!-- Required for opening tabs if targeting API 30 -->
46            <action android:name="android.support.customtabs.action.CustomTabsService" />
46-->[host.exp.exponent:expo.modules.webbrowser:15.0.8] AndroidManifest.xml:11:13-90
46-->[host.exp.exponent:expo.modules.webbrowser:15.0.8] AndroidManifest.xml:11:21-87
47        </intent>
48        <intent>
48-->[host.exp.exponent:expo.modules.imagepicker:17.0.8] AndroidManifest.xml:15:9-19:18
49
50            <!-- Required for picking images from the camera roll if targeting API 30 -->
51            <action android:name="android.media.action.IMAGE_CAPTURE" />
51-->[host.exp.exponent:expo.modules.imagepicker:17.0.8] AndroidManifest.xml:18:13-73
51-->[host.exp.exponent:expo.modules.imagepicker:17.0.8] AndroidManifest.xml:18:21-70
52        </intent>
53        <intent>
53-->[host.exp.exponent:expo.modules.imagepicker:17.0.8] AndroidManifest.xml:20:9-24:18
54
55            <!-- Required for picking images from the camera if targeting API 30 -->
56            <action android:name="android.media.action.ACTION_VIDEO_CAPTURE" />
56-->[host.exp.exponent:expo.modules.imagepicker:17.0.8] AndroidManifest.xml:23:13-80
56-->[host.exp.exponent:expo.modules.imagepicker:17.0.8] AndroidManifest.xml:23:21-77
57        </intent>
58        <intent>
58-->[com.vanniktech:android-image-cropper:4.6.0] AndroidManifest.xml:8:9-14:18
59            <action android:name="android.intent.action.GET_CONTENT" />
59-->[com.vanniktech:android-image-cropper:4.6.0] AndroidManifest.xml:9:13-72
59-->[com.vanniktech:android-image-cropper:4.6.0] AndroidManifest.xml:9:21-69
60
61            <category android:name="android.intent.category.OPENABLE" />
61-->[com.vanniktech:android-image-cropper:4.6.0] AndroidManifest.xml:11:13-73
61-->[com.vanniktech:android-image-cropper:4.6.0] AndroidManifest.xml:11:23-70
62
63            <data android:mimeType="*/*" />
63-->src/main/AndroidManifest.xml:18:7-37
64        </intent> <!-- Needs to be explicitly declared on Android R+ -->
65        <package android:name="com.google.android.apps.maps" /> <!-- Query open documents -->
65-->[com.google.android.gms:play-services-maps:18.2.0] AndroidManifest.xml:33:9-64
65-->[com.google.android.gms:play-services-maps:18.2.0] AndroidManifest.xml:33:18-61
66        <intent>
66-->[host.exp.exponent:expo.modules.filesystem:19.0.17] AndroidManifest.xml:15:9-17:18
67            <action android:name="android.intent.action.OPEN_DOCUMENT_TREE" />
67-->[host.exp.exponent:expo.modules.filesystem:19.0.17] AndroidManifest.xml:16:13-79
67-->[host.exp.exponent:expo.modules.filesystem:19.0.17] AndroidManifest.xml:16:21-76
68        </intent> <!-- Query open documents -->
69        <intent>
69-->[host.exp.exponent:expo.modules.documentpicker:14.0.7] AndroidManifest.xml:10:9-17:18
70            <action android:name="android.intent.action.OPEN_DOCUMENT" />
70-->[host.exp.exponent:expo.modules.documentpicker:14.0.7] AndroidManifest.xml:11:13-74
70-->[host.exp.exponent:expo.modules.documentpicker:14.0.7] AndroidManifest.xml:11:21-71
71
72            <category android:name="android.intent.category.DEFAULT" />
72-->src/main/AndroidManifest.xml:34:9-67
72-->src/main/AndroidManifest.xml:34:19-65
73            <category android:name="android.intent.category.OPENABLE" />
73-->[com.vanniktech:android-image-cropper:4.6.0] AndroidManifest.xml:11:13-73
73-->[com.vanniktech:android-image-cropper:4.6.0] AndroidManifest.xml:11:23-70
74
75            <data android:mimeType="*/*" />
75-->src/main/AndroidManifest.xml:18:7-37
76        </intent>
77    </queries>
78
79    <uses-permission android:name="android.permission.WAKE_LOCK" />
79-->[:react-native-firebase_messaging] AndroidManifest.xml:8:5-68
79-->[:react-native-firebase_messaging] AndroidManifest.xml:8:22-65
80    <uses-permission android:name="android.permission.ACCESS_NETWORK_STATE" />
80-->[:react-native-firebase_messaging] AndroidManifest.xml:9:5-79
80-->[:react-native-firebase_messaging] AndroidManifest.xml:9:22-76
81    <uses-permission android:name="android.permission.USE_BIOMETRIC" /> <!-- suppress DeprecatedClassUsageInspection -->
81-->[androidx.biometric:biometric:1.1.0] AndroidManifest.xml:24:5-72
81-->[androidx.biometric:biometric:1.1.0] AndroidManifest.xml:24:22-69
82    <uses-permission android:name="android.permission.USE_FINGERPRINT" />
82-->[androidx.biometric:biometric:1.1.0] AndroidManifest.xml:27:5-74
82-->[androidx.biometric:biometric:1.1.0] AndroidManifest.xml:27:22-71
83
84    <uses-feature
84-->[com.google.android.gms:play-services-maps:18.2.0] AndroidManifest.xml:26:5-28:35
85        android:glEsVersion="0x00020000"
85-->[com.google.android.gms:play-services-maps:18.2.0] AndroidManifest.xml:27:9-41
86        android:required="true" /> <!-- Required by older versions of Google Play services to create IID tokens -->
86-->[com.google.android.gms:play-services-maps:18.2.0] AndroidManifest.xml:28:9-32
87    <uses-permission android:name="com.google.android.c2dm.permission.RECEIVE" />
87-->[com.google.firebase:firebase-messaging:25.0.1] AndroidManifest.xml:26:5-82
87-->[com.google.firebase:firebase-messaging:25.0.1] AndroidManifest.xml:26:22-79
88    <uses-permission android:name="android.permission.FOREGROUND_SERVICE" />
88-->[androidx.work:work-runtime:2.7.1] AndroidManifest.xml:28:5-77
88-->[androidx.work:work-runtime:2.7.1] AndroidManifest.xml:28:22-74
89
90    <permission
90-->[androidx.core:core:1.16.0] AndroidManifest.xml:22:5-24:47
91        android:name="com.surajspx.pwddelhiapp.DYNAMIC_RECEIVER_NOT_EXPORTED_PERMISSION"
91-->[androidx.core:core:1.16.0] AndroidManifest.xml:23:9-81
92        android:protectionLevel="signature" />
92-->[androidx.core:core:1.16.0] AndroidManifest.xml:24:9-44
93
94    <uses-permission android:name="com.surajspx.pwddelhiapp.DYNAMIC_RECEIVER_NOT_EXPORTED_PERMISSION" />
94-->[androidx.core:core:1.16.0] AndroidManifest.xml:26:5-97
94-->[androidx.core:core:1.16.0] AndroidManifest.xml:26:22-94
95    <uses-permission android:name="com.google.android.finsky.permission.BIND_GET_INSTALL_REFERRER_SERVICE" /> <!-- for android -->
95-->[com.android.installreferrer:installreferrer:2.2] AndroidManifest.xml:9:5-110
95-->[com.android.installreferrer:installreferrer:2.2] AndroidManifest.xml:9:22-107
96    <!-- <uses-permission android:name="com.android.launcher.permission.READ_SETTINGS"/> -->
97    <!-- <uses-permission android:name="com.android.launcher.permission.WRITE_SETTINGS"/> -->
98    <!-- <uses-permission android:name="com.android.launcher.permission.INSTALL_SHORTCUT" /> -->
99    <!-- <uses-permission android:name="com.android.launcher.permission.UNINSTALL_SHORTCUT" /> -->
100    <!-- for Samsung -->
101    <uses-permission android:name="com.sec.android.provider.badge.permission.READ" />
101-->[me.leolin:ShortcutBadger:1.1.22] AndroidManifest.xml:19:5-86
101-->[me.leolin:ShortcutBadger:1.1.22] AndroidManifest.xml:19:22-83
102    <uses-permission android:name="com.sec.android.provider.badge.permission.WRITE" /> <!-- for htc -->
102-->[me.leolin:ShortcutBadger:1.1.22] AndroidManifest.xml:20:5-87
102-->[me.leolin:ShortcutBadger:1.1.22] AndroidManifest.xml:20:22-84
103    <uses-permission android:name="com.htc.launcher.permission.READ_SETTINGS" />
103-->[me.leolin:ShortcutBadger:1.1.22] AndroidManifest.xml:23:5-81
103-->[me.leolin:ShortcutBadger:1.1.22] AndroidManifest.xml:23:22-78
104    <uses-permission android:name="com.htc.launcher.permission.UPDATE_SHORTCUT" /> <!-- for sony -->
104-->[me.leolin:ShortcutBadger:1.1.22] AndroidManifest.xml:24:5-83
104-->[me.leolin:ShortcutBadger:1.1.22] AndroidManifest.xml:24:22-80
105    <uses-permission android:name="com.sonyericsson.home.permission.BROADCAST_BADGE" />
105-->[me.leolin:ShortcutBadger:1.1.22] AndroidManifest.xml:27:5-88
105-->[me.leolin:ShortcutBadger:1.1.22] AndroidManifest.xml:27:22-85
106    <uses-permission android:name="com.sonymobile.home.permission.PROVIDER_INSERT_BADGE" /> <!-- for apex -->
106-->[me.leolin:ShortcutBadger:1.1.22] AndroidManifest.xml:28:5-92
106-->[me.leolin:ShortcutBadger:1.1.22] AndroidManifest.xml:28:22-89
107    <uses-permission android:name="com.anddoes.launcher.permission.UPDATE_COUNT" /> <!-- for solid -->
107-->[me.leolin:ShortcutBadger:1.1.22] AndroidManifest.xml:31:5-84
107-->[me.leolin:ShortcutBadger:1.1.22] AndroidManifest.xml:31:22-81
108    <uses-permission android:name="com.majeur.launcher.permission.UPDATE_BADGE" /> <!-- for huawei -->
108-->[me.leolin:ShortcutBadger:1.1.22] AndroidManifest.xml:34:5-83
108-->[me.leolin:ShortcutBadger:1.1.22] AndroidManifest.xml:34:22-80
109    <uses-permission android:name="com.huawei.android.launcher.permission.CHANGE_BADGE" />
109-->[me.leolin:ShortcutBadger:1.1.22] AndroidManifest.xml:37:5-91
109-->[me.leolin:ShortcutBadger:1.1.22] AndroidManifest.xml:37:22-88
110    <uses-permission android:name="com.huawei.android.launcher.permission.READ_SETTINGS" />
110-->[me.leolin:ShortcutBadger:1.1.22] AndroidManifest.xml:38:5-92
110-->[me.leolin:ShortcutBadger:1.1.22] AndroidManifest.xml:38:22-89
111    <uses-permission android:name="com.huawei.android.launcher.permission.WRITE_SETTINGS" /> <!-- for ZUK -->
111-->[me.leolin:ShortcutBadger:1.1.22] AndroidManifest.xml:39:5-93
111-->[me.leolin:ShortcutBadger:1.1.22] AndroidManifest.xml:39:22-90
112    <uses-permission android:name="android.permission.READ_APP_BADGE" /> <!-- for OPPO -->
112-->[me.leolin:ShortcutBadger:1.1.22] AndroidManifest.xml:42:5-73
112-->[me.leolin:ShortcutBadger:1.1.22] AndroidManifest.xml:42:22-70
113    <uses-permission android:name="com.oppo.launcher.permission.READ_SETTINGS" />
113-->[me.leolin:ShortcutBadger:1.1.22] AndroidManifest.xml:45:5-82
113-->[me.leolin:ShortcutBadger:1.1.22] AndroidManifest.xml:45:22-79
114    <uses-permission android:name="com.oppo.launcher.permission.WRITE_SETTINGS" /> <!-- for EvMe -->
114-->[me.leolin:ShortcutBadger:1.1.22] AndroidManifest.xml:46:5-83
114-->[me.leolin:ShortcutBadger:1.1.22] AndroidManifest.xml:46:22-80
115    <uses-permission android:name="me.everything.badger.permission.BADGE_COUNT_READ" />
115-->[me.leolin:ShortcutBadger:1.1.22] AndroidManifest.xml:49:5-88
115-->[me.leolin:ShortcutBadger:1.1.22] AndroidManifest.xml:49:22-85
116    <uses-permission android:name="me.everything.badger.permission.BADGE_COUNT_WRITE" />
116-->[me.leolin:ShortcutBadger:1.1.22] AndroidManifest.xml:50:5-89
116-->[me.leolin:ShortcutBadger:1.1.22] AndroidManifest.xml:50:22-86
117
118    <application
118-->src/main/AndroidManifest.xml:21:3-40:17
119        android:name="com.surajspx.pwddelhiapp.MainApplication"
119-->src/main/AndroidManifest.xml:21:16-47
120        android:allowBackup="true"
120-->src/main/AndroidManifest.xml:21:162-188
121        android:appComponentFactory="androidx.core.app.CoreComponentFactory"
121-->[androidx.core:core:1.16.0] AndroidManifest.xml:28:18-86
122        android:dataExtractionRules="@xml/secure_store_data_extraction_rules"
122-->src/main/AndroidManifest.xml:21:351-420
123        android:enableOnBackInvokedCallback="false"
123-->src/main/AndroidManifest.xml:21:248-291
124        android:extractNativeLibs="false"
125        android:fullBackupContent="@xml/secure_store_backup_rules"
125-->src/main/AndroidManifest.xml:21:292-350
126        android:icon="@mipmap/ic_launcher"
126-->src/main/AndroidManifest.xml:21:81-115
127        android:label="@string/app_name"
127-->src/main/AndroidManifest.xml:21:48-80
128        android:roundIcon="@mipmap/ic_launcher_round"
128-->src/main/AndroidManifest.xml:21:116-161
129        android:supportsRtl="true"
129-->src/main/AndroidManifest.xml:21:221-247
130        android:theme="@style/AppTheme" >
130-->src/main/AndroidManifest.xml:21:189-220
131        <meta-data
131-->src/main/AndroidManifest.xml:22:5-83
132            android:name="expo.modules.updates.ENABLED"
132-->src/main/AndroidManifest.xml:22:16-59
133            android:value="false" />
133-->src/main/AndroidManifest.xml:22:60-81
134        <meta-data
134-->src/main/AndroidManifest.xml:23:5-105
135            android:name="expo.modules.updates.EXPO_UPDATES_CHECK_ON_LAUNCH"
135-->src/main/AndroidManifest.xml:23:16-80
136            android:value="ALWAYS" />
136-->src/main/AndroidManifest.xml:23:81-103
137        <meta-data
137-->src/main/AndroidManifest.xml:24:5-99
138            android:name="expo.modules.updates.EXPO_UPDATES_LAUNCH_WAIT_MS"
138-->src/main/AndroidManifest.xml:24:16-79
139            android:value="0" />
139-->src/main/AndroidManifest.xml:24:80-97
140        <!-- Google Maps API key; keep the actual key in res/values/google_maps_api.xml -->
141        <meta-data
141-->src/main/AndroidManifest.xml:26:5-119
142            android:name="com.google.android.geo.API_KEY"
142-->src/main/AndroidManifest.xml:26:16-61
143            android:value="AIzaSyCrKfkav4s3JwdPp785FvvdkQq-GiY-Oac" />
143-->src/main/AndroidManifest.xml:26:62-117
144
145        <activity
145-->src/main/AndroidManifest.xml:27:5-39:16
146            android:name="com.surajspx.pwddelhiapp.MainActivity"
146-->src/main/AndroidManifest.xml:27:15-43
147            android:configChanges="keyboard|keyboardHidden|orientation|screenSize|screenLayout|uiMode"
147-->src/main/AndroidManifest.xml:27:44-134
148            android:exported="true"
148-->src/main/AndroidManifest.xml:27:256-279
149            android:launchMode="singleTask"
149-->src/main/AndroidManifest.xml:27:135-166
150            android:screenOrientation="portrait"
150-->src/main/AndroidManifest.xml:27:280-316
151            android:theme="@style/Theme.App.SplashScreen"
151-->src/main/AndroidManifest.xml:27:210-255
152            android:windowSoftInputMode="adjustResize" >
152-->src/main/AndroidManifest.xml:27:167-209
153            <intent-filter>
153-->src/main/AndroidManifest.xml:28:7-31:23
154                <action android:name="android.intent.action.MAIN" />
154-->src/main/AndroidManifest.xml:29:9-60
154-->src/main/AndroidManifest.xml:29:17-58
155
156                <category android:name="android.intent.category.LAUNCHER" />
156-->src/main/AndroidManifest.xml:30:9-68
156-->src/main/AndroidManifest.xml:30:19-66
157            </intent-filter>
158            <intent-filter>
158-->src/main/AndroidManifest.xml:32:7-38:23
159                <action android:name="android.intent.action.VIEW" />
159-->src/main/AndroidManifest.xml:16:7-58
159-->src/main/AndroidManifest.xml:16:15-56
160
161                <category android:name="android.intent.category.DEFAULT" />
161-->src/main/AndroidManifest.xml:34:9-67
161-->src/main/AndroidManifest.xml:34:19-65
162                <category android:name="android.intent.category.BROWSABLE" />
162-->src/main/AndroidManifest.xml:17:7-67
162-->src/main/AndroidManifest.xml:17:17-65
163
164                <data android:scheme="expoapp" />
164-->src/main/AndroidManifest.xml:18:7-37
164-->src/main/AndroidManifest.xml:18:13-35
165                <data android:scheme="exp+pwd-delhi-app" />
165-->src/main/AndroidManifest.xml:18:7-37
165-->src/main/AndroidManifest.xml:18:13-35
166            </intent-filter>
167        </activity>
168
169        <provider
169-->[:react-native-webview] AndroidManifest.xml:20:9-28:20
170            android:name="com.reactnativecommunity.webview.RNCWebViewFileProvider"
170-->[:react-native-webview] AndroidManifest.xml:21:13-83
171            android:authorities="com.surajspx.pwddelhiapp.fileprovider"
171-->[:react-native-webview] AndroidManifest.xml:22:13-64
172            android:exported="false"
172-->[:react-native-webview] AndroidManifest.xml:23:13-37
173            android:grantUriPermissions="true" >
173-->[:react-native-webview] AndroidManifest.xml:24:13-47
174            <meta-data
174-->[:react-native-webview] AndroidManifest.xml:25:13-27:63
175                android:name="android.support.FILE_PROVIDER_PATHS"
175-->[:react-native-webview] AndroidManifest.xml:26:17-67
176                android:resource="@xml/file_provider_paths" />
176-->[:react-native-webview] AndroidManifest.xml:27:17-60
177        </provider> <!-- Disable crashlytics by default so we can custom init with CrashlyticsNdk support -->
178        <meta-data
178-->[:react-native-firebase_crashlytics] AndroidManifest.xml:10:9-12:37
179            android:name="firebase_crashlytics_collection_enabled"
179-->[:react-native-firebase_crashlytics] AndroidManifest.xml:11:13-67
180            android:value="false" />
180-->[:react-native-firebase_crashlytics] AndroidManifest.xml:12:13-34
181
182        <provider
182-->[:react-native-firebase_crashlytics] AndroidManifest.xml:14:9-18:38
183            android:name="io.invertase.firebase.crashlytics.ReactNativeFirebaseCrashlyticsInitProvider"
183-->[:react-native-firebase_crashlytics] AndroidManifest.xml:15:13-104
184            android:authorities="com.surajspx.pwddelhiapp.reactnativefirebasecrashlyticsinitprovider"
184-->[:react-native-firebase_crashlytics] AndroidManifest.xml:16:13-94
185            android:exported="false"
185-->[:react-native-firebase_crashlytics] AndroidManifest.xml:17:13-37
186            android:initOrder="98" />
186-->[:react-native-firebase_crashlytics] AndroidManifest.xml:18:13-35
187
188        <service
188-->[:react-native-firebase_messaging] AndroidManifest.xml:12:9-14:40
189            android:name="io.invertase.firebase.messaging.ReactNativeFirebaseMessagingHeadlessService"
189-->[:react-native-firebase_messaging] AndroidManifest.xml:13:13-103
190            android:exported="false" />
190-->[:react-native-firebase_messaging] AndroidManifest.xml:14:13-37
191        <service
191-->[:react-native-firebase_messaging] AndroidManifest.xml:15:9-21:19
192            android:name="io.invertase.firebase.messaging.ReactNativeFirebaseMessagingService"
192-->[:react-native-firebase_messaging] AndroidManifest.xml:16:13-95
193            android:exported="false" >
193-->[:react-native-firebase_messaging] AndroidManifest.xml:17:13-37
194            <intent-filter>
194-->[:react-native-firebase_messaging] AndroidManifest.xml:18:13-20:29
195                <action android:name="com.google.firebase.MESSAGING_EVENT" />
195-->[:react-native-firebase_messaging] AndroidManifest.xml:19:17-78
195-->[:react-native-firebase_messaging] AndroidManifest.xml:19:25-75
196            </intent-filter>
197        </service>
198
199        <receiver
199-->[:react-native-firebase_messaging] AndroidManifest.xml:23:9-30:20
200            android:name="io.invertase.firebase.messaging.ReactNativeFirebaseMessagingReceiver"
200-->[:react-native-firebase_messaging] AndroidManifest.xml:24:13-96
201            android:exported="true"
201-->[:react-native-firebase_messaging] AndroidManifest.xml:25:13-36
202            android:permission="com.google.android.c2dm.permission.SEND" >
202-->[:react-native-firebase_messaging] AndroidManifest.xml:26:13-73
203            <intent-filter>
203-->[:react-native-firebase_messaging] AndroidManifest.xml:27:13-29:29
204                <action android:name="com.google.android.c2dm.intent.RECEIVE" />
204-->[:react-native-firebase_messaging] AndroidManifest.xml:28:17-81
204-->[:react-native-firebase_messaging] AndroidManifest.xml:28:25-78
205            </intent-filter>
206        </receiver>
207
208        <meta-data
208-->[:react-native-firebase_messaging] AndroidManifest.xml:32:9-34:37
209            android:name="delivery_metrics_exported_to_big_query_enabled"
209-->[:react-native-firebase_messaging] AndroidManifest.xml:33:13-74
210            android:value="false" />
210-->[:react-native-firebase_messaging] AndroidManifest.xml:34:13-34
211        <meta-data
211-->[:react-native-firebase_messaging] AndroidManifest.xml:35:9-37:36
212            android:name="firebase_messaging_auto_init_enabled"
212-->[:react-native-firebase_messaging] AndroidManifest.xml:36:13-64
213            android:value="true" />
213-->[:react-native-firebase_messaging] AndroidManifest.xml:37:13-33
214        <meta-data
214-->[:react-native-firebase_messaging] AndroidManifest.xml:38:9-40:37
215            android:name="firebase_messaging_notification_delegation_enabled"
215-->[:react-native-firebase_messaging] AndroidManifest.xml:39:13-78
216            android:value="false" />
216-->[:react-native-firebase_messaging] AndroidManifest.xml:40:13-34
217        <meta-data
217-->[:react-native-firebase_messaging] AndroidManifest.xml:41:9-43:32
218            android:name="com.google.firebase.messaging.default_notification_channel_id"
218-->[:react-native-firebase_messaging] AndroidManifest.xml:42:13-89
219            android:value="" />
219-->[:react-native-firebase_messaging] AndroidManifest.xml:43:13-29
220        <meta-data
220-->[:react-native-firebase_messaging] AndroidManifest.xml:44:9-46:47
221            android:name="com.google.firebase.messaging.default_notification_color"
221-->[:react-native-firebase_messaging] AndroidManifest.xml:45:13-84
222            android:resource="@color/white" />
222-->[:react-native-firebase_messaging] AndroidManifest.xml:46:13-44
223        <meta-data
223-->[:react-native-firebase_app] AndroidManifest.xml:9:9-11:36
224            android:name="app_data_collection_default_enabled"
224-->[:react-native-firebase_app] AndroidManifest.xml:10:13-63
225            android:value="true" />
225-->[:react-native-firebase_app] AndroidManifest.xml:11:13-33
226
227        <service
227-->[:react-native-firebase_app] AndroidManifest.xml:13:9-21:19
228            android:name="com.google.firebase.components.ComponentDiscoveryService"
228-->[:react-native-firebase_app] AndroidManifest.xml:14:13-84
229            android:directBootAware="true"
229-->[:react-native-firebase_app] AndroidManifest.xml:15:13-43
230            android:exported="false" >
230-->[:react-native-firebase_app] AndroidManifest.xml:16:13-37
231            <meta-data
231-->[:react-native-firebase_app] AndroidManifest.xml:18:13-20:85
232                android:name="com.google.firebase.components:io.invertase.firebase.app.ReactNativeFirebaseAppRegistrar"
232-->[:react-native-firebase_app] AndroidManifest.xml:19:17-120
233                android:value="com.google.firebase.components.ComponentRegistrar" />
233-->[:react-native-firebase_app] AndroidManifest.xml:20:17-82
234            <meta-data
234-->[com.google.firebase:firebase-messaging:25.0.1] AndroidManifest.xml:57:13-59:85
235                android:name="com.google.firebase.components:com.google.firebase.messaging.FirebaseMessagingKtxRegistrar"
235-->[com.google.firebase:firebase-messaging:25.0.1] AndroidManifest.xml:58:17-122
236                android:value="com.google.firebase.components.ComponentRegistrar" />
236-->[com.google.firebase:firebase-messaging:25.0.1] AndroidManifest.xml:59:17-82
237            <meta-data
237-->[com.google.firebase:firebase-messaging:25.0.1] AndroidManifest.xml:60:13-62:85
238                android:name="com.google.firebase.components:com.google.firebase.messaging.FirebaseMessagingRegistrar"
238-->[com.google.firebase:firebase-messaging:25.0.1] AndroidManifest.xml:61:17-119
239                android:value="com.google.firebase.components.ComponentRegistrar" />
239-->[com.google.firebase:firebase-messaging:25.0.1] AndroidManifest.xml:62:17-82
240            <meta-data
240-->[com.google.firebase:firebase-crashlytics-ndk:20.0.3] AndroidManifest.xml:32:13-34:85
241                android:name="com.google.firebase.components:com.google.firebase.crashlytics.ndk.CrashlyticsNdkRegistrar"
241-->[com.google.firebase:firebase-crashlytics-ndk:20.0.3] AndroidManifest.xml:33:17-122
242                android:value="com.google.firebase.components.ComponentRegistrar" />
242-->[com.google.firebase:firebase-crashlytics-ndk:20.0.3] AndroidManifest.xml:34:17-82
243            <meta-data
243-->[com.google.firebase:firebase-crashlytics:20.0.3] AndroidManifest.xml:15:13-17:85
244                android:name="com.google.firebase.components:com.google.firebase.crashlytics.FirebaseCrashlyticsKtxRegistrar"
244-->[com.google.firebase:firebase-crashlytics:20.0.3] AndroidManifest.xml:16:17-126
245                android:value="com.google.firebase.components.ComponentRegistrar" />
245-->[com.google.firebase:firebase-crashlytics:20.0.3] AndroidManifest.xml:17:17-82
246            <meta-data
246-->[com.google.firebase:firebase-crashlytics:20.0.3] AndroidManifest.xml:18:13-20:85
247                android:name="com.google.firebase.components:com.google.firebase.crashlytics.CrashlyticsRegistrar"
247-->[com.google.firebase:firebase-crashlytics:20.0.3] AndroidManifest.xml:19:17-115
248                android:value="com.google.firebase.components.ComponentRegistrar" />
248-->[com.google.firebase:firebase-crashlytics:20.0.3] AndroidManifest.xml:20:17-82
249            <meta-data
249-->[com.google.firebase:firebase-sessions:3.0.3] AndroidManifest.xml:25:13-27:85
250                android:name="com.google.firebase.components:com.google.firebase.sessions.FirebaseSessionsRegistrar"
250-->[com.google.firebase:firebase-sessions:3.0.3] AndroidManifest.xml:26:17-117
251                android:value="com.google.firebase.components.ComponentRegistrar" />
251-->[com.google.firebase:firebase-sessions:3.0.3] AndroidManifest.xml:27:17-82
252            <meta-data
252-->[com.google.firebase:firebase-installations:19.0.1] AndroidManifest.xml:15:13-17:85
253                android:name="com.google.firebase.components:com.google.firebase.installations.FirebaseInstallationsKtxRegistrar"
253-->[com.google.firebase:firebase-installations:19.0.1] AndroidManifest.xml:16:17-130
254                android:value="com.google.firebase.components.ComponentRegistrar" />
254-->[com.google.firebase:firebase-installations:19.0.1] AndroidManifest.xml:17:17-82
255            <meta-data
255-->[com.google.firebase:firebase-installations:19.0.1] AndroidManifest.xml:18:13-20:85
256                android:name="com.google.firebase.components:com.google.firebase.installations.FirebaseInstallationsRegistrar"
256-->[com.google.firebase:firebase-installations:19.0.1] AndroidManifest.xml:19:17-127